Performing C SOURCE FILE Test CMAKE_HAVE_LIBC_PTHREAD failed with the following output:
Change Dir: /home/alfystar/Scrivania/IIW2020/2_src/cmake-build-release/CMakeFiles/CMakeTmp

Run Build Command(s):/usr/bin/make cmTC_90610/fast && /usr/bin/make  -f CMakeFiles/cmTC_90610.dir/build.make CMakeFiles/cmTC_90610.dir/build
make[1]: ingresso nella directory «/home/alfystar/Documenti/IIW2020/2_src/cmake-build-release/CMakeFiles/CMakeTmp»
Building C object CMakeFiles/cmTC_90610.dir/src.c.o
/usr/bin/cc   -DCMAKE_HAVE_LIBC_PTHREAD   -o CMakeFiles/cmTC_90610.dir/src.c.o   -c /home/alfystar/Scrivania/IIW2020/2_src/cmake-build-release/CMakeFiles/CMakeTmp/src.c
Linking C executable cmTC_90610
/home/alfystar/.local/share/JetBrains/Toolbox/apps/CLion/ch-0/202.6948.80/bin/cmake/linux/bin/cmake -E cmake_link_script CMakeFiles/cmTC_90610.dir/link.txt --verbose=1
/usr/bin/cc  -DCMAKE_HAVE_LIBC_PTHREAD    CMakeFiles/cmTC_90610.dir/src.c.o  -o cmTC_90610 
/usr/bin/ld: CMakeFiles/cmTC_90610.dir/src.c.o: in function `main':
src.c:(.text+0x46): undefined reference to `pthread_create'
/usr/bin/ld: src.c:(.text+0x52): undefined reference to `pthread_detach'
/usr/bin/ld: src.c:(.text+0x5e): undefined reference to `pthread_cancel'
/usr/bin/ld: src.c:(.text+0x6f): undefined reference to `pthread_join'
collect2: error: ld returned 1 exit status
make[1]: *** [CMakeFiles/cmTC_90610.dir/build.make:107: cmTC_90610] Errore 1
make[1]: uscita dalla directory «/home/alfystar/Documenti/IIW2020/2_src/cmake-build-release/CMakeFiles/CMakeTmp»
make: *** [Makefile:141: cmTC_90610/fast] Errore 2


Source file was:
#include <pthread.h>

void* test_func(void* data)
{
  return data;
}

int main(void)
{
  pthread_t thread;
  pthread_create(&thread, NULL, test_func, NULL);
  pthread_detach(thread);
  pthread_cancel(thread);
  pthread_join(thread, NULL);
  pthread_atfork(NULL, NULL, NULL);
  pthread_exit(NULL);

  return 0;
}

Determining if the function pthread_create exists in the pthreads failed with the following output:
Change Dir: /home/alfystar/Scrivania/IIW2020/2_src/cmake-build-release/CMakeFiles/CMakeTmp

Run Build Command(s):/usr/bin/make cmTC_f0b9a/fast && /usr/bin/make  -f CMakeFiles/cmTC_f0b9a.dir/build.make CMakeFiles/cmTC_f0b9a.dir/build
make[1]: ingresso nella directory «/home/alfystar/Documenti/IIW2020/2_src/cmake-build-release/CMakeFiles/CMakeTmp»
Building C object CMakeFiles/cmTC_f0b9a.dir/CheckFunctionExists.c.o
/usr/bin/cc   -DCHECK_FUNCTION_EXISTS=pthread_create   -o CMakeFiles/cmTC_f0b9a.dir/CheckFunctionExists.c.o   -c /home/alfystar/.local/share/JetBrains/Toolbox/apps/CLion/ch-0/202.6948.80/bin/cmake/linux/share/cmake-3.17/Modules/CheckFunctionExists.c
Linking C executable cmTC_f0b9a
/home/alfystar/.local/share/JetBrains/Toolbox/apps/CLion/ch-0/202.6948.80/bin/cmake/linux/bin/cmake -E cmake_link_script CMakeFiles/cmTC_f0b9a.dir/link.txt --verbose=1
/usr/bin/cc  -DCHECK_FUNCTION_EXISTS=pthread_create    CMakeFiles/cmTC_f0b9a.dir/CheckFunctionExists.c.o  -o cmTC_f0b9a  -lpthreads 
/usr/bin/ld: impossibile trovare -lpthreads
collect2: error: ld returned 1 exit status
make[1]: *** [CMakeFiles/cmTC_f0b9a.dir/build.make:107: cmTC_f0b9a] Errore 1
make[1]: uscita dalla directory «/home/alfystar/Documenti/IIW2020/2_src/cmake-build-release/CMakeFiles/CMakeTmp»
make: *** [Makefile:141: cmTC_f0b9a/fast] Errore 2



